2025-05-21 12:42:16.691 [main] INFO  c.k.h.RoomDatabaseAccessService - Successfully booked room 101
2025-05-21 12:42:16.693 [main] INFO  c.k.h.RoomDatabaseAccessService - Released room 101
2025-05-21 12:42:16.694 [main] INFO  c.k.h.RoomDatabaseAccessService - Successfully booked room 101
2025-05-21 12:42:16.698 [main] WARN  c.k.h.RoomDatabaseAccessService - Room 999 not found
2025-05-21 12:42:16.699 [main] INFO  c.k.h.RoomDatabaseAccessService - Successfully booked room 101
2025-05-21 12:42:16.700 [main] INFO  c.k.h.RoomDatabaseAccessService - Successfully booked room 101
2025-05-21 12:42:16.700 [main] WARN  c.k.h.RoomDatabaseAccessService - Room 999 not found
2025-05-21 12:42:16.721 [main] INFO  c.k.h.RoomDatabaseAccessService - Successfully booked room 101
2025-05-21 12:42:16.724 [pool-6-thread-2] INFO  c.k.h.RoomDatabaseAccessService - Successfully booked room 101
2025-05-21 12:42:16.724 [pool-6-thread-3] INFO  c.k.h.RoomDatabaseAccessService - Successfully booked room 101
2025-05-21 12:42:16.725 [pool-6-thread-4] INFO  c.k.h.RoomDatabaseAccessService - Successfully booked room 101
2025-05-21 12:42:16.725 [pool-6-thread-1] INFO  c.k.h.RoomDatabaseAccessService - Successfully booked room 101
2025-05-21 12:42:16.725 [pool-6-thread-4] INFO  c.k.h.RoomDatabaseAccessService - Successfully booked room 101
2025-05-21 12:42:16.725 [pool-6-thread-1] INFO  c.k.h.RoomDatabaseAccessService - Retrying booking for room 101 (attempt 2/3)
2025-05-21 12:42:16.725 [pool-6-thread-3] INFO  c.k.h.RoomDatabaseAccessService - Retrying booking for room 101 (attempt 2/3)
2025-05-21 12:42:16.725 [pool-6-thread-2] INFO  c.k.h.RoomDatabaseAccessService - Retrying booking for room 101 (attempt 2/3)
2025-05-21 12:42:16.725 [pool-6-thread-5] INFO  c.k.h.RoomDatabaseAccessService - Retrying booking for room 101 (attempt 2/3)
2025-05-21 12:42:16.829 [pool-6-thread-5] INFO  c.k.h.RoomDatabaseAccessService - Retrying booking for room 101 (attempt 3/3)
2025-05-21 12:42:16.829 [pool-6-thread-1] INFO  c.k.h.RoomDatabaseAccessService - Retrying booking for room 101 (attempt 3/3)
2025-05-21 12:42:16.829 [pool-6-thread-2] INFO  c.k.h.RoomDatabaseAccessService - Retrying booking for room 101 (attempt 3/3)
2025-05-21 12:42:16.829 [pool-6-thread-3] INFO  c.k.h.RoomDatabaseAccessService - Retrying booking for room 101 (attempt 3/3)
2025-05-21 12:42:16.935 [pool-6-thread-1] WARN  c.k.h.RoomDatabaseAccessService - Failed to book room 101 after 3 attempts
2025-05-21 12:42:16.935 [pool-6-thread-2] WARN  c.k.h.RoomDatabaseAccessService - Failed to book room 101 after 3 attempts
2025-05-21 12:42:16.935 [pool-6-thread-5] WARN  c.k.h.RoomDatabaseAccessService - Failed to book room 101 after 3 attempts
2025-05-21 12:42:16.935 [pool-6-thread-3] WARN  c.k.h.RoomDatabaseAccessService - Failed to book room 101 after 3 attempts
2025-05-21 12:42:16.956 [main] INFO  c.k.h.RoomDatabaseAccessService - Cleared all rooms from database
2025-05-21 12:42:16.959 [main] INFO  c.k.h.RoomDatabaseAccessService - Successfully booked room 101
2025-05-21 12:42:16.959 [main] INFO  c.k.h.RoomDatabaseAccessService - Released room 101
2025-05-21 12:42:16.960 [main] WARN  c.k.h.RoomDatabaseAccessService - Room 999 not found
2025-05-21 12:42:16.961 [main] INFO  c.k.h.RoomDatabaseAccessService - Successfully booked room 101
2025-05-21 12:42:16.963 [Thread-1] INFO  c.k.h.RoomDatabaseAccessService - Successfully booked room 101
2025-05-21 12:42:16.963 [Thread-2] INFO  c.k.h.RoomDatabaseAccessService - Successfully booked room 101
2025-05-21 12:43:17.094 [main] INFO  c.k.h.RoomDatabaseAccessService - Successfully booked room 101
2025-05-21 12:43:17.096 [main] INFO  c.k.h.RoomDatabaseAccessService - Released room 101
2025-05-21 12:43:17.096 [main] INFO  c.k.h.RoomDatabaseAccessService - Successfully booked room 101
2025-05-21 12:43:17.100 [main] WARN  c.k.h.RoomDatabaseAccessService - Room 999 not found
2025-05-21 12:43:17.102 [main] INFO  c.k.h.RoomDatabaseAccessService - Successfully booked room 101
2025-05-21 12:43:17.102 [main] INFO  c.k.h.RoomDatabaseAccessService - Successfully booked room 101
2025-05-21 12:43:17.102 [main] WARN  c.k.h.RoomDatabaseAccessService - Room 999 not found
2025-05-21 12:43:17.125 [main] INFO  c.k.h.RoomDatabaseAccessService - Successfully booked room 101
2025-05-21 12:43:17.128 [pool-6-thread-2] INFO  c.k.h.RoomDatabaseAccessService - Successfully booked room 101
2025-05-21 12:43:17.128 [pool-6-thread-3] INFO  c.k.h.RoomDatabaseAccessService - Successfully booked room 101
2025-05-21 12:43:17.128 [pool-6-thread-4] INFO  c.k.h.RoomDatabaseAccessService - Successfully booked room 101
2025-05-21 12:43:17.128 [pool-6-thread-1] INFO  c.k.h.RoomDatabaseAccessService - Successfully booked room 101
2025-05-21 12:43:17.128 [pool-6-thread-2] INFO  c.k.h.RoomDatabaseAccessService - Retrying booking for room 101 (attempt 2/3)
2025-05-21 12:43:17.128 [pool-6-thread-1] INFO  c.k.h.RoomDatabaseAccessService - Retrying booking for room 101 (attempt 2/3)
2025-05-21 12:43:17.128 [pool-6-thread-5] INFO  c.k.h.RoomDatabaseAccessService - Successfully booked room 101
2025-05-21 12:43:17.128 [pool-6-thread-4] INFO  c.k.h.RoomDatabaseAccessService - Retrying booking for room 101 (attempt 2/3)
2025-05-21 12:43:17.128 [pool-6-thread-3] INFO  c.k.h.RoomDatabaseAccessService - Retrying booking for room 101 (attempt 2/3)
2025-05-21 12:43:17.230 [pool-6-thread-4] INFO  c.k.h.RoomDatabaseAccessService - Retrying booking for room 101 (attempt 3/3)
2025-05-21 12:43:17.230 [pool-6-thread-2] INFO  c.k.h.RoomDatabaseAccessService - Retrying booking for room 101 (attempt 3/3)
2025-05-21 12:43:17.230 [pool-6-thread-3] INFO  c.k.h.RoomDatabaseAccessService - Retrying booking for room 101 (attempt 3/3)
2025-05-21 12:43:17.230 [pool-6-thread-1] INFO  c.k.h.RoomDatabaseAccessService - Retrying booking for room 101 (attempt 3/3)
2025-05-21 12:43:17.335 [pool-6-thread-4] WARN  c.k.h.RoomDatabaseAccessService - Failed to book room 101 after 3 attempts
2025-05-21 12:43:17.335 [pool-6-thread-2] WARN  c.k.h.RoomDatabaseAccessService - Failed to book room 101 after 3 attempts
2025-05-21 12:43:17.335 [pool-6-thread-1] WARN  c.k.h.RoomDatabaseAccessService - Failed to book room 101 after 3 attempts
2025-05-21 12:43:17.335 [pool-6-thread-3] WARN  c.k.h.RoomDatabaseAccessService - Failed to book room 101 after 3 attempts
2025-05-21 12:43:17.357 [main] INFO  c.k.h.RoomDatabaseAccessService - Cleared all rooms from database
2025-05-21 12:43:17.362 [main] INFO  c.k.h.RoomDatabaseAccessService - Successfully booked room 101
2025-05-21 12:43:17.363 [main] INFO  c.k.h.RoomDatabaseAccessService - Released room 101
2025-05-21 12:43:17.365 [main] WARN  c.k.h.RoomDatabaseAccessService - Room 999 not found
2025-05-21 12:43:17.366 [main] INFO  c.k.h.RoomDatabaseAccessService - Successfully booked room 101
2025-05-21 12:43:17.367 [Thread-1] INFO  c.k.h.RoomDatabaseAccessService - Successfully booked room 101
2025-05-21 12:43:17.367 [Thread-2] INFO  c.k.h.RoomDatabaseAccessService - Successfully booked room 101
2025-05-21 12:44:50.700 [main] INFO  c.k.h.RoomDatabaseAccessService - Successfully booked room 101
2025-05-21 12:44:50.703 [main] INFO  c.k.h.RoomDatabaseAccessService - Released room 101
2025-05-21 12:44:50.703 [main] INFO  c.k.h.RoomDatabaseAccessService - Successfully booked room 101
2025-05-21 12:44:50.707 [main] WARN  c.k.h.RoomDatabaseAccessService - Room 999 not found
2025-05-21 12:44:50.709 [main] INFO  c.k.h.RoomDatabaseAccessService - Successfully booked room 101
2025-05-21 12:44:50.709 [main] INFO  c.k.h.RoomDatabaseAccessService - Successfully booked room 101
2025-05-21 12:44:50.709 [main] WARN  c.k.h.RoomDatabaseAccessService - Room 999 not found
2025-05-21 12:44:50.727 [main] INFO  c.k.h.RoomDatabaseAccessService - Successfully booked room 101
2025-05-21 12:44:50.730 [pool-6-thread-3] INFO  c.k.h.RoomDatabaseAccessService - Successfully booked room 101
2025-05-21 12:44:50.730 [pool-6-thread-2] INFO  c.k.h.RoomDatabaseAccessService - Successfully booked room 101
2025-05-21 12:44:50.730 [pool-6-thread-4] INFO  c.k.h.RoomDatabaseAccessService - Successfully booked room 101
2025-05-21 12:44:50.730 [pool-6-thread-5] INFO  c.k.h.RoomDatabaseAccessService - Successfully booked room 101
2025-05-21 12:44:50.730 [pool-6-thread-4] INFO  c.k.h.RoomDatabaseAccessService - Successfully booked room 101
2025-05-21 12:44:50.730 [pool-6-thread-5] INFO  c.k.h.RoomDatabaseAccessService - Retrying booking for room 101 (attempt 2/3)
2025-05-21 12:44:50.730 [pool-6-thread-4] INFO  c.k.h.RoomDatabaseAccessService - Retrying booking for room 101 (attempt 2/3)
2025-05-21 12:44:50.730 [pool-6-thread-1] INFO  c.k.h.RoomDatabaseAccessService - Retrying booking for room 101 (attempt 2/3)
2025-05-21 12:44:50.730 [pool-6-thread-3] INFO  c.k.h.RoomDatabaseAccessService - Retrying booking for room 101 (attempt 2/3)
2025-05-21 12:44:50.831 [pool-6-thread-3] INFO  c.k.h.RoomDatabaseAccessService - Retrying booking for room 101 (attempt 3/3)
2025-05-21 12:44:50.832 [pool-6-thread-1] INFO  c.k.h.RoomDatabaseAccessService - Retrying booking for room 101 (attempt 3/3)
2025-05-21 12:44:50.832 [pool-6-thread-5] INFO  c.k.h.RoomDatabaseAccessService - Retrying booking for room 101 (attempt 3/3)
2025-05-21 12:44:50.832 [pool-6-thread-4] INFO  c.k.h.RoomDatabaseAccessService - Retrying booking for room 101 (attempt 3/3)
2025-05-21 12:44:50.934 [pool-6-thread-1] WARN  c.k.h.RoomDatabaseAccessService - Failed to book room 101 after 3 attempts
2025-05-21 12:44:50.934 [pool-6-thread-3] WARN  c.k.h.RoomDatabaseAccessService - Failed to book room 101 after 3 attempts
2025-05-21 12:44:50.934 [pool-6-thread-5] WARN  c.k.h.RoomDatabaseAccessService - Failed to book room 101 after 3 attempts
2025-05-21 12:44:50.938 [pool-6-thread-4] WARN  c.k.h.RoomDatabaseAccessService - Failed to book room 101 after 3 attempts
2025-05-21 12:44:50.960 [main] INFO  c.k.h.RoomDatabaseAccessService - Cleared all rooms from database
2025-05-21 12:44:50.962 [main] INFO  c.k.h.RoomDatabaseAccessService - Successfully booked room 101
2025-05-21 12:44:50.962 [main] INFO  c.k.h.RoomDatabaseAccessService - Released room 101
2025-05-21 12:44:50.963 [main] WARN  c.k.h.RoomDatabaseAccessService - Room 999 not found
2025-05-21 12:44:50.964 [main] INFO  c.k.h.RoomDatabaseAccessService - Successfully booked room 101
2025-05-21 12:44:50.966 [Thread-2] INFO  c.k.h.RoomDatabaseAccessService - Successfully booked room 101
2025-05-21 12:44:50.966 [Thread-1] INFO  c.k.h.RoomDatabaseAccessService - Successfully booked room 101
2025-05-21 12:45:02.538 [main] INFO  c.k.h.RoomDatabaseAccessService - Successfully booked room 101
2025-05-21 12:45:02.541 [main] INFO  c.k.h.RoomDatabaseAccessService - Released room 101
2025-05-21 12:45:02.541 [main] INFO  c.k.h.RoomDatabaseAccessService - Successfully booked room 101
2025-05-21 12:45:02.545 [main] WARN  c.k.h.RoomDatabaseAccessService - Room 999 not found
2025-05-21 12:45:02.547 [main] INFO  c.k.h.RoomDatabaseAccessService - Successfully booked room 101
2025-05-21 12:45:02.547 [main] INFO  c.k.h.RoomDatabaseAccessService - Successfully booked room 101
2025-05-21 12:45:02.547 [main] WARN  c.k.h.RoomDatabaseAccessService - Room 999 not found
2025-05-21 12:45:02.565 [main] INFO  c.k.h.RoomDatabaseAccessService - Successfully booked room 101
2025-05-21 12:45:02.568 [pool-6-thread-2] INFO  c.k.h.RoomDatabaseAccessService - Successfully booked room 101
2025-05-21 12:45:02.568 [pool-6-thread-3] INFO  c.k.h.RoomDatabaseAccessService - Successfully booked room 101
2025-05-21 12:45:02.568 [pool-6-thread-5] INFO  c.k.h.RoomDatabaseAccessService - Successfully booked room 101
2025-05-21 12:45:02.568 [pool-6-thread-4] INFO  c.k.h.RoomDatabaseAccessService - Successfully booked room 101
2025-05-21 12:45:02.568 [pool-6-thread-5] INFO  c.k.h.RoomDatabaseAccessService - Retrying booking for room 101 (attempt 2/3)
2025-05-21 12:45:02.568 [pool-6-thread-1] INFO  c.k.h.RoomDatabaseAccessService - Successfully booked room 101
2025-05-21 12:45:02.568 [pool-6-thread-3] INFO  c.k.h.RoomDatabaseAccessService - Retrying booking for room 101 (attempt 2/3)
2025-05-21 12:45:02.568 [pool-6-thread-2] INFO  c.k.h.RoomDatabaseAccessService - Retrying booking for room 101 (attempt 2/3)
2025-05-21 12:45:02.568 [pool-6-thread-4] INFO  c.k.h.RoomDatabaseAccessService - Retrying booking for room 101 (attempt 2/3)
2025-05-21 12:45:02.673 [pool-6-thread-2] INFO  c.k.h.RoomDatabaseAccessService - Retrying booking for room 101 (attempt 3/3)
2025-05-21 12:45:02.673 [pool-6-thread-3] INFO  c.k.h.RoomDatabaseAccessService - Retrying booking for room 101 (attempt 3/3)
2025-05-21 12:45:02.673 [pool-6-thread-5] INFO  c.k.h.RoomDatabaseAccessService - Retrying booking for room 101 (attempt 3/3)
2025-05-21 12:45:02.673 [pool-6-thread-4] INFO  c.k.h.RoomDatabaseAccessService - Retrying booking for room 101 (attempt 3/3)
2025-05-21 12:45:02.778 [pool-6-thread-4] WARN  c.k.h.RoomDatabaseAccessService - Failed to book room 101 after 3 attempts
2025-05-21 12:45:02.778 [pool-6-thread-5] WARN  c.k.h.RoomDatabaseAccessService - Failed to book room 101 after 3 attempts
2025-05-21 12:45:02.778 [pool-6-thread-2] WARN  c.k.h.RoomDatabaseAccessService - Failed to book room 101 after 3 attempts
2025-05-21 12:45:02.778 [pool-6-thread-3] WARN  c.k.h.RoomDatabaseAccessService - Failed to book room 101 after 3 attempts
2025-05-21 12:45:02.798 [main] INFO  c.k.h.RoomDatabaseAccessService - Cleared all rooms from database
2025-05-21 12:45:02.801 [main] INFO  c.k.h.RoomDatabaseAccessService - Successfully booked room 101
2025-05-21 12:45:02.801 [main] INFO  c.k.h.RoomDatabaseAccessService - Released room 101
2025-05-21 12:45:02.802 [main] WARN  c.k.h.RoomDatabaseAccessService - Room 999 not found
2025-05-21 12:45:02.803 [main] INFO  c.k.h.RoomDatabaseAccessService - Successfully booked room 101
2025-05-21 12:45:02.804 [Thread-2] INFO  c.k.h.RoomDatabaseAccessService - Successfully booked room 101
2025-05-21 12:45:02.804 [Thread-1] INFO  c.k.h.RoomDatabaseAccessService - Successfully booked room 101
2025-05-21 12:59:03.771 [main] INFO  c.k.h.RoomDatabaseAccessService - Successfully booked room 101
2025-05-21 12:59:03.774 [main] INFO  c.k.h.RoomDatabaseAccessService - Released room 101
2025-05-21 12:59:03.775 [main] INFO  c.k.h.RoomDatabaseAccessService - Successfully booked room 101
2025-05-21 12:59:03.779 [main] WARN  c.k.h.RoomDatabaseAccessService - Room 999 not found
2025-05-21 12:59:03.781 [main] INFO  c.k.h.RoomDatabaseAccessService - Successfully booked room 101
2025-05-21 12:59:03.781 [main] INFO  c.k.h.RoomDatabaseAccessService - Successfully booked room 101
2025-05-21 12:59:03.781 [main] WARN  c.k.h.RoomDatabaseAccessService - Room 999 not found
2025-05-21 12:59:03.800 [main] INFO  c.k.h.RoomDatabaseAccessService - Successfully booked room 101
2025-05-21 12:59:03.803 [pool-6-thread-2] INFO  c.k.h.RoomDatabaseAccessService - Successfully booked room 101
2025-05-21 12:59:03.803 [pool-6-thread-4] INFO  c.k.h.RoomDatabaseAccessService - Successfully booked room 101
2025-05-21 12:59:03.803 [pool-6-thread-3] INFO  c.k.h.RoomDatabaseAccessService - Successfully booked room 101
2025-05-21 12:59:03.803 [pool-6-thread-5] INFO  c.k.h.RoomDatabaseAccessService - Successfully booked room 101
2025-05-21 12:59:03.803 [pool-6-thread-2] INFO  c.k.h.RoomDatabaseAccessService - Successfully booked room 101
2025-05-21 12:59:03.803 [pool-6-thread-1] INFO  c.k.h.RoomDatabaseAccessService - Retrying booking for room 101 (attempt 2/3)
2025-05-21 12:59:03.803 [pool-6-thread-4] INFO  c.k.h.RoomDatabaseAccessService - Retrying booking for room 101 (attempt 2/3)
2025-05-21 12:59:03.803 [pool-6-thread-3] INFO  c.k.h.RoomDatabaseAccessService - Retrying booking for room 101 (attempt 2/3)
2025-05-21 12:59:03.803 [pool-6-thread-2] INFO  c.k.h.RoomDatabaseAccessService - Retrying booking for room 101 (attempt 2/3)
2025-05-21 12:59:03.907 [pool-6-thread-4] INFO  c.k.h.RoomDatabaseAccessService - Retrying booking for room 101 (attempt 3/3)
2025-05-21 12:59:03.907 [pool-6-thread-3] INFO  c.k.h.RoomDatabaseAccessService - Retrying booking for room 101 (attempt 3/3)
2025-05-21 12:59:03.907 [pool-6-thread-1] INFO  c.k.h.RoomDatabaseAccessService - Retrying booking for room 101 (attempt 3/3)
2025-05-21 12:59:03.907 [pool-6-thread-2] INFO  c.k.h.RoomDatabaseAccessService - Retrying booking for room 101 (attempt 3/3)
2025-05-21 12:59:04.012 [pool-6-thread-3] WARN  c.k.h.RoomDatabaseAccessService - Failed to book room 101 after 3 attempts
2025-05-21 12:59:04.012 [pool-6-thread-2] WARN  c.k.h.RoomDatabaseAccessService - Failed to book room 101 after 3 attempts
2025-05-21 12:59:04.012 [pool-6-thread-4] WARN  c.k.h.RoomDatabaseAccessService - Failed to book room 101 after 3 attempts
2025-05-21 12:59:04.013 [pool-6-thread-1] WARN  c.k.h.RoomDatabaseAccessService - Failed to book room 101 after 3 attempts
2025-05-21 12:59:04.032 [main] INFO  c.k.h.RoomDatabaseAccessService - Cleared all rooms from database
2025-05-21 12:59:04.034 [main] INFO  c.k.h.RoomDatabaseAccessService - Successfully booked room 101
2025-05-21 12:59:04.035 [main] INFO  c.k.h.RoomDatabaseAccessService - Released room 101
2025-05-21 12:59:04.035 [main] WARN  c.k.h.RoomDatabaseAccessService - Room 999 not found
2025-05-21 12:59:04.036 [main] INFO  c.k.h.RoomDatabaseAccessService - Successfully booked room 101
2025-05-21 12:59:04.037 [Thread-1] INFO  c.k.h.RoomDatabaseAccessService - Successfully booked room 101
2025-05-21 12:59:04.037 [Thread-2] INFO  c.k.h.RoomDatabaseAccessService - Successfully booked room 101
2025-05-21 12:59:54.710 [main] INFO  c.k.h.RoomDatabaseAccessService - Successfully booked room 101
2025-05-21 12:59:54.713 [main] INFO  c.k.h.RoomDatabaseAccessService - Released room 101
2025-05-21 12:59:54.713 [main] INFO  c.k.h.RoomDatabaseAccessService - Successfully booked room 101
2025-05-21 12:59:54.717 [main] WARN  c.k.h.RoomDatabaseAccessService - Room 999 not found
2025-05-21 12:59:54.719 [main] INFO  c.k.h.RoomDatabaseAccessService - Successfully booked room 101
2025-05-21 12:59:54.720 [main] INFO  c.k.h.RoomDatabaseAccessService - Successfully booked room 101
2025-05-21 12:59:54.720 [main] WARN  c.k.h.RoomDatabaseAccessService - Room 999 not found
2025-05-21 12:59:54.739 [main] INFO  c.k.h.RoomDatabaseAccessService - Successfully booked room 101
2025-05-21 12:59:54.743 [pool-6-thread-3] INFO  c.k.h.RoomDatabaseAccessService - Successfully booked room 101
2025-05-21 12:59:54.743 [pool-6-thread-2] INFO  c.k.h.RoomDatabaseAccessService - Successfully booked room 101
2025-05-21 12:59:54.743 [pool-6-thread-1] INFO  c.k.h.RoomDatabaseAccessService - Successfully booked room 101
2025-05-21 12:59:54.743 [pool-6-thread-4] INFO  c.k.h.RoomDatabaseAccessService - Successfully booked room 101
2025-05-21 12:59:54.743 [pool-6-thread-5] INFO  c.k.h.RoomDatabaseAccessService - Successfully booked room 101
2025-05-21 12:59:54.743 [pool-6-thread-3] INFO  c.k.h.RoomDatabaseAccessService - Retrying booking for room 101 (attempt 2/3)
2025-05-21 12:59:54.743 [pool-6-thread-2] INFO  c.k.h.RoomDatabaseAccessService - Retrying booking for room 101 (attempt 2/3)
2025-05-21 12:59:54.743 [pool-6-thread-1] INFO  c.k.h.RoomDatabaseAccessService - Retrying booking for room 101 (attempt 2/3)
2025-05-21 12:59:54.743 [pool-6-thread-4] INFO  c.k.h.RoomDatabaseAccessService - Retrying booking for room 101 (attempt 2/3)
2025-05-21 12:59:54.848 [pool-6-thread-3] INFO  c.k.h.RoomDatabaseAccessService - Retrying booking for room 101 (attempt 3/3)
2025-05-21 12:59:54.848 [pool-6-thread-2] INFO  c.k.h.RoomDatabaseAccessService - Retrying booking for room 101 (attempt 3/3)
2025-05-21 12:59:54.848 [pool-6-thread-4] INFO  c.k.h.RoomDatabaseAccessService - Retrying booking for room 101 (attempt 3/3)
2025-05-21 12:59:54.848 [pool-6-thread-1] INFO  c.k.h.RoomDatabaseAccessService - Retrying booking for room 101 (attempt 3/3)
2025-05-21 12:59:54.954 [pool-6-thread-3] WARN  c.k.h.RoomDatabaseAccessService - Failed to book room 101 after 3 attempts
2025-05-21 12:59:54.954 [pool-6-thread-1] WARN  c.k.h.RoomDatabaseAccessService - Failed to book room 101 after 3 attempts
2025-05-21 12:59:54.955 [pool-6-thread-4] WARN  c.k.h.RoomDatabaseAccessService - Failed to book room 101 after 3 attempts
2025-05-21 12:59:54.955 [pool-6-thread-2] WARN  c.k.h.RoomDatabaseAccessService - Failed to book room 101 after 3 attempts
2025-05-21 12:59:54.966 [main] INFO  c.k.h.RoomDatabaseAccessService - Cleared all rooms from database
2025-05-21 12:59:54.968 [main] INFO  c.k.h.RoomDatabaseAccessService - Successfully booked room 101
2025-05-21 12:59:54.968 [main] INFO  c.k.h.RoomDatabaseAccessService - Released room 101
2025-05-21 12:59:54.969 [main] WARN  c.k.h.RoomDatabaseAccessService - Room 999 not found
2025-05-21 12:59:54.969 [main] INFO  c.k.h.RoomDatabaseAccessService - Successfully booked room 101
2025-05-21 12:59:54.971 [Thread-2] INFO  c.k.h.RoomDatabaseAccessService - Successfully booked room 101
2025-05-21 12:59:54.971 [Thread-1] INFO  c.k.h.RoomDatabaseAccessService - Successfully booked room 101
2025-05-21 14:40:29.910 [main] INFO  c.k.h.RoomDatabaseAccessService - Successfully booked room 101
2025-05-21 14:40:29.912 [main] INFO  c.k.h.RoomDatabaseAccessService - Released room 101
2025-05-21 14:40:29.913 [main] INFO  c.k.h.RoomDatabaseAccessService - Successfully booked room 101
2025-05-21 14:40:29.917 [main] WARN  c.k.h.RoomDatabaseAccessService - Room 999 not found
2025-05-21 14:40:29.919 [main] INFO  c.k.h.RoomDatabaseAccessService - Successfully booked room 101
2025-05-21 14:40:29.919 [main] INFO  c.k.h.RoomDatabaseAccessService - Retrying booking for room 101 (attempt 2/3)
2025-05-21 14:40:30.024 [main] INFO  c.k.h.RoomDatabaseAccessService - Retrying booking for room 101 (attempt 3/3)
2025-05-21 14:40:30.130 [main] WARN  c.k.h.RoomDatabaseAccessService - Failed to book room 101 after 3 attempts
2025-05-21 14:40:30.130 [main] WARN  c.k.h.RoomDatabaseAccessService - Room 999 not found
2025-05-21 14:40:30.161 [main] INFO  c.k.h.RoomDatabaseAccessService - Successfully booked room 101
2025-05-21 14:40:30.164 [pool-6-thread-2] INFO  c.k.h.RoomDatabaseAccessService - Successfully booked room 101
2025-05-21 14:40:30.164 [pool-6-thread-4] INFO  c.k.h.RoomDatabaseAccessService - Retrying booking for room 101 (attempt 2/3)
2025-05-21 14:40:30.164 [pool-6-thread-3] INFO  c.k.h.RoomDatabaseAccessService - Retrying booking for room 101 (attempt 2/3)
2025-05-21 14:40:30.164 [pool-6-thread-2] INFO  c.k.h.RoomDatabaseAccessService - Retrying booking for room 101 (attempt 2/3)
2025-05-21 14:40:30.164 [pool-6-thread-1] INFO  c.k.h.RoomDatabaseAccessService - Retrying booking for room 101 (attempt 2/3)
2025-05-21 14:40:30.164 [pool-6-thread-5] INFO  c.k.h.RoomDatabaseAccessService - Retrying booking for room 101 (attempt 2/3)
2025-05-21 14:40:30.266 [pool-6-thread-3] INFO  c.k.h.RoomDatabaseAccessService - Retrying booking for room 101 (attempt 3/3)
2025-05-21 14:40:30.266 [pool-6-thread-1] INFO  c.k.h.RoomDatabaseAccessService - Retrying booking for room 101 (attempt 3/3)
2025-05-21 14:40:30.269 [pool-6-thread-4] INFO  c.k.h.RoomDatabaseAccessService - Retrying booking for room 101 (attempt 3/3)
2025-05-21 14:40:30.269 [pool-6-thread-2] INFO  c.k.h.RoomDatabaseAccessService - Retrying booking for room 101 (attempt 3/3)
2025-05-21 14:40:30.269 [pool-6-thread-5] INFO  c.k.h.RoomDatabaseAccessService - Retrying booking for room 101 (attempt 3/3)
2025-05-21 14:40:30.368 [pool-6-thread-3] WARN  c.k.h.RoomDatabaseAccessService - Failed to book room 101 after 3 attempts
2025-05-21 14:40:30.369 [pool-6-thread-3] INFO  c.k.h.RoomDatabaseAccessService - Retrying booking for room 101 (attempt 2/3)
2025-05-21 14:40:30.372 [pool-6-thread-5] WARN  c.k.h.RoomDatabaseAccessService - Failed to book room 101 after 3 attempts
2025-05-21 14:40:30.372 [pool-6-thread-1] WARN  c.k.h.RoomDatabaseAccessService - Failed to book room 101 after 3 attempts
2025-05-21 14:40:30.372 [pool-6-thread-4] WARN  c.k.h.RoomDatabaseAccessService - Failed to book room 101 after 3 attempts
2025-05-21 14:40:30.373 [pool-6-thread-1] INFO  c.k.h.RoomDatabaseAccessService - Retrying booking for room 101 (attempt 2/3)
2025-05-21 14:40:30.372 [pool-6-thread-5] INFO  c.k.h.RoomDatabaseAccessService - Retrying booking for room 101 (attempt 2/3)
2025-05-21 14:40:30.374 [pool-6-thread-2] WARN  c.k.h.RoomDatabaseAccessService - Failed to book room 101 after 3 attempts
2025-05-21 14:40:30.474 [pool-6-thread-3] INFO  c.k.h.RoomDatabaseAccessService - Retrying booking for room 101 (attempt 3/3)
2025-05-21 14:40:30.478 [pool-6-thread-1] INFO  c.k.h.RoomDatabaseAccessService - Retrying booking for room 101 (attempt 3/3)
2025-05-21 14:40:30.478 [pool-6-thread-5] INFO  c.k.h.RoomDatabaseAccessService - Retrying booking for room 101 (attempt 3/3)
2025-05-21 14:40:30.580 [pool-6-thread-3] WARN  c.k.h.RoomDatabaseAccessService - Failed to book room 101 after 3 attempts
2025-05-21 14:40:30.583 [pool-6-thread-5] WARN  c.k.h.RoomDatabaseAccessService - Failed to book room 101 after 3 attempts
2025-05-21 14:40:30.583 [pool-6-thread-1] WARN  c.k.h.RoomDatabaseAccessService - Failed to book room 101 after 3 attempts
2025-05-21 14:40:30.607 [main] INFO  c.k.h.RoomDatabaseAccessService - Cleared all rooms from database
2025-05-21 14:40:30.609 [main] INFO  c.k.h.RoomDatabaseAccessService - Successfully booked room 101
2025-05-21 14:40:30.610 [main] INFO  c.k.h.RoomDatabaseAccessService - Released room 101
2025-05-21 14:40:30.611 [main] WARN  c.k.h.RoomDatabaseAccessService - Room 999 not found
2025-05-21 14:40:30.612 [main] INFO  c.k.h.RoomDatabaseAccessService - Successfully booked room 101
2025-05-21 14:40:30.615 [Thread-1] INFO  c.k.h.RoomDatabaseAccessService - Successfully booked room 101
2025-05-21 14:40:30.617 [Thread-2] INFO  c.k.h.RoomDatabaseAccessService - Retrying booking for room 101 (attempt 2/3)
2025-05-21 14:40:30.721 [Thread-2] INFO  c.k.h.RoomDatabaseAccessService - Retrying booking for room 101 (attempt 3/3)
2025-05-21 14:40:30.822 [Thread-2] WARN  c.k.h.RoomDatabaseAccessService - Failed to book room 101 after 3 attempts
2025-05-21 14:41:05.588 [main] INFO  c.k.h.RoomDatabaseAccessService - Successfully booked room 101
2025-05-21 14:41:05.593 [main] INFO  c.k.h.RoomDatabaseAccessService - Released room 101
2025-05-21 14:41:05.593 [main] INFO  c.k.h.RoomDatabaseAccessService - Successfully booked room 101
2025-05-21 14:41:05.597 [main] WARN  c.k.h.RoomDatabaseAccessService - Room 999 not found
2025-05-21 14:41:05.598 [main] INFO  c.k.h.RoomDatabaseAccessService - Successfully booked room 101
2025-05-21 14:41:05.599 [main] INFO  c.k.h.RoomDatabaseAccessService - Retrying booking for room 101 (attempt 2/3)
2025-05-21 14:41:05.704 [main] INFO  c.k.h.RoomDatabaseAccessService - Retrying booking for room 101 (attempt 3/3)
2025-05-21 14:41:05.807 [main] WARN  c.k.h.RoomDatabaseAccessService - Failed to book room 101 after 3 attempts
2025-05-21 14:41:05.807 [main] WARN  c.k.h.RoomDatabaseAccessService - Room 999 not found
2025-05-21 14:41:05.835 [main] INFO  c.k.h.RoomDatabaseAccessService - Successfully booked room 101
2025-05-21 14:41:05.838 [pool-6-thread-2] INFO  c.k.h.RoomDatabaseAccessService - Successfully booked room 101
2025-05-21 14:41:05.838 [pool-6-thread-3] INFO  c.k.h.RoomDatabaseAccessService - Retrying booking for room 101 (attempt 2/3)
2025-05-21 14:41:05.838 [pool-6-thread-4] INFO  c.k.h.RoomDatabaseAccessService - Retrying booking for room 101 (attempt 2/3)
2025-05-21 14:41:05.838 [pool-6-thread-5] INFO  c.k.h.RoomDatabaseAccessService - Retrying booking for room 101 (attempt 2/3)
2025-05-21 14:41:05.838 [pool-6-thread-2] INFO  c.k.h.RoomDatabaseAccessService - Retrying booking for room 101 (attempt 2/3)
2025-05-21 14:41:05.838 [pool-6-thread-1] INFO  c.k.h.RoomDatabaseAccessService - Retrying booking for room 101 (attempt 2/3)
2025-05-21 14:41:05.939 [pool-6-thread-3] INFO  c.k.h.RoomDatabaseAccessService - Retrying booking for room 101 (attempt 3/3)
2025-05-21 14:41:05.939 [pool-6-thread-5] INFO  c.k.h.RoomDatabaseAccessService - Retrying booking for room 101 (attempt 3/3)
2025-05-21 14:41:05.939 [pool-6-thread-2] INFO  c.k.h.RoomDatabaseAccessService - Retrying booking for room 101 (attempt 3/3)
2025-05-21 14:41:05.939 [pool-6-thread-1] INFO  c.k.h.RoomDatabaseAccessService - Retrying booking for room 101 (attempt 3/3)
2025-05-21 14:41:05.941 [pool-6-thread-4] INFO  c.k.h.RoomDatabaseAccessService - Retrying booking for room 101 (attempt 3/3)
2025-05-21 14:41:06.041 [pool-6-thread-1] WARN  c.k.h.RoomDatabaseAccessService - Failed to book room 101 after 3 attempts
2025-05-21 14:41:06.041 [pool-6-thread-1] INFO  c.k.h.RoomDatabaseAccessService - Retrying booking for room 101 (attempt 2/3)
2025-05-21 14:41:06.045 [pool-6-thread-3] WARN  c.k.h.RoomDatabaseAccessService - Failed to book room 101 after 3 attempts
2025-05-21 14:41:06.045 [pool-6-thread-5] WARN  c.k.h.RoomDatabaseAccessService - Failed to book room 101 after 3 attempts
2025-05-21 14:41:06.045 [pool-6-thread-2] WARN  c.k.h.RoomDatabaseAccessService - Failed to book room 101 after 3 attempts
2025-05-21 14:41:06.045 [pool-6-thread-4] WARN  c.k.h.RoomDatabaseAccessService - Failed to book room 101 after 3 attempts
2025-05-21 14:41:06.045 [pool-6-thread-3] INFO  c.k.h.RoomDatabaseAccessService - Retrying booking for room 101 (attempt 2/3)
2025-05-21 14:41:06.045 [pool-6-thread-5] INFO  c.k.h.RoomDatabaseAccessService - Retrying booking for room 101 (attempt 2/3)
2025-05-21 14:41:06.147 [pool-6-thread-1] INFO  c.k.h.RoomDatabaseAccessService - Retrying booking for room 101 (attempt 3/3)
2025-05-21 14:41:06.147 [pool-6-thread-5] INFO  c.k.h.RoomDatabaseAccessService - Retrying booking for room 101 (attempt 3/3)
2025-05-21 14:41:06.150 [pool-6-thread-3] INFO  c.k.h.RoomDatabaseAccessService - Retrying booking for room 101 (attempt 3/3)
2025-05-21 14:41:06.249 [pool-6-thread-1] WARN  c.k.h.RoomDatabaseAccessService - Failed to book room 101 after 3 attempts
2025-05-21 14:41:06.252 [pool-6-thread-5] WARN  c.k.h.RoomDatabaseAccessService - Failed to book room 101 after 3 attempts
2025-05-21 14:41:06.252 [pool-6-thread-3] WARN  c.k.h.RoomDatabaseAccessService - Failed to book room 101 after 3 attempts
2025-05-21 14:41:06.271 [main] INFO  c.k.h.RoomDatabaseAccessService - Cleared all rooms from database
2025-05-21 14:41:06.274 [main] INFO  c.k.h.RoomDatabaseAccessService - Successfully booked room 101
2025-05-21 14:41:06.274 [main] INFO  c.k.h.RoomDatabaseAccessService - Released room 101
2025-05-21 14:41:06.277 [main] WARN  c.k.h.RoomDatabaseAccessService - Room 999 not found
2025-05-21 14:41:06.278 [main] INFO  c.k.h.RoomDatabaseAccessService - Successfully booked room 101
2025-05-21 14:41:06.279 [Thread-1] INFO  c.k.h.RoomDatabaseAccessService - Successfully booked room 101
2025-05-21 14:41:06.280 [Thread-2] INFO  c.k.h.RoomDatabaseAccessService - Retrying booking for room 101 (attempt 2/3)
2025-05-21 14:41:06.385 [Thread-2] INFO  c.k.h.RoomDatabaseAccessService - Retrying booking for room 101 (attempt 3/3)
2025-05-21 14:41:06.489 [Thread-2] WARN  c.k.h.RoomDatabaseAccessService - Failed to book room 101 after 3 attempts
2025-05-21 14:41:18.634 [main] INFO  c.k.h.RoomDatabaseAccessService - Successfully booked room 101
2025-05-21 14:41:18.636 [main] INFO  c.k.h.RoomDatabaseAccessService - Released room 101
2025-05-21 14:41:18.636 [main] INFO  c.k.h.RoomDatabaseAccessService - Successfully booked room 101
2025-05-21 14:41:18.640 [main] WARN  c.k.h.RoomDatabaseAccessService - Room 999 not found
2025-05-21 14:41:18.642 [main] INFO  c.k.h.RoomDatabaseAccessService - Successfully booked room 101
2025-05-21 14:41:18.642 [main] INFO  c.k.h.RoomDatabaseAccessService - Retrying booking for room 101 (attempt 2/3)
2025-05-21 14:41:18.748 [main] INFO  c.k.h.RoomDatabaseAccessService - Retrying booking for room 101 (attempt 3/3)
2025-05-21 14:41:18.849 [main] WARN  c.k.h.RoomDatabaseAccessService - Failed to book room 101 after 3 attempts
2025-05-21 14:41:18.849 [main] WARN  c.k.h.RoomDatabaseAccessService - Room 999 not found
2025-05-21 14:41:18.878 [main] INFO  c.k.h.RoomDatabaseAccessService - Successfully booked room 101
2025-05-21 14:41:18.881 [pool-6-thread-2] INFO  c.k.h.RoomDatabaseAccessService - Successfully booked room 101
2025-05-21 14:41:18.881 [pool-6-thread-3] INFO  c.k.h.RoomDatabaseAccessService - Retrying booking for room 101 (attempt 2/3)
2025-05-21 14:41:18.881 [pool-6-thread-1] INFO  c.k.h.RoomDatabaseAccessService - Retrying booking for room 101 (attempt 2/3)
2025-05-21 14:41:18.882 [pool-6-thread-5] INFO  c.k.h.RoomDatabaseAccessService - Retrying booking for room 101 (attempt 2/3)
2025-05-21 14:41:18.881 [pool-6-thread-4] INFO  c.k.h.RoomDatabaseAccessService - Retrying booking for room 101 (attempt 2/3)
2025-05-21 14:41:18.882 [pool-6-thread-2] INFO  c.k.h.RoomDatabaseAccessService - Retrying booking for room 101 (attempt 2/3)
2025-05-21 14:41:18.987 [pool-6-thread-1] INFO  c.k.h.RoomDatabaseAccessService - Retrying booking for room 101 (attempt 3/3)
2025-05-21 14:41:18.987 [pool-6-thread-4] INFO  c.k.h.RoomDatabaseAccessService - Retrying booking for room 101 (attempt 3/3)
2025-05-21 14:41:18.987 [pool-6-thread-3] INFO  c.k.h.RoomDatabaseAccessService - Retrying booking for room 101 (attempt 3/3)
2025-05-21 14:41:18.987 [pool-6-thread-5] INFO  c.k.h.RoomDatabaseAccessService - Retrying booking for room 101 (attempt 3/3)
2025-05-21 14:41:18.987 [pool-6-thread-2] INFO  c.k.h.RoomDatabaseAccessService - Retrying booking for room 101 (attempt 3/3)
2025-05-21 14:41:19.089 [pool-6-thread-4] WARN  c.k.h.RoomDatabaseAccessService - Failed to book room 101 after 3 attempts
2025-05-21 14:41:19.089 [pool-6-thread-3] WARN  c.k.h.RoomDatabaseAccessService - Failed to book room 101 after 3 attempts
2025-05-21 14:41:19.091 [pool-6-thread-4] INFO  c.k.h.RoomDatabaseAccessService - Retrying booking for room 101 (attempt 2/3)
2025-05-21 14:41:19.091 [pool-6-thread-3] INFO  c.k.h.RoomDatabaseAccessService - Retrying booking for room 101 (attempt 2/3)
2025-05-21 14:41:19.092 [pool-6-thread-1] WARN  c.k.h.RoomDatabaseAccessService - Failed to book room 101 after 3 attempts
2025-05-21 14:41:19.092 [pool-6-thread-5] WARN  c.k.h.RoomDatabaseAccessService - Failed to book room 101 after 3 attempts
2025-05-21 14:41:19.092 [pool-6-thread-2] WARN  c.k.h.RoomDatabaseAccessService - Failed to book room 101 after 3 attempts
2025-05-21 14:41:19.092 [pool-6-thread-1] INFO  c.k.h.RoomDatabaseAccessService - Retrying booking for room 101 (attempt 2/3)
2025-05-21 14:41:19.192 [pool-6-thread-3] INFO  c.k.h.RoomDatabaseAccessService - Retrying booking for room 101 (attempt 3/3)
2025-05-21 14:41:19.194 [pool-6-thread-4] INFO  c.k.h.RoomDatabaseAccessService - Retrying booking for room 101 (attempt 3/3)
2025-05-21 14:41:19.197 [pool-6-thread-1] INFO  c.k.h.RoomDatabaseAccessService - Retrying booking for room 101 (attempt 3/3)
2025-05-21 14:41:19.294 [pool-6-thread-3] WARN  c.k.h.RoomDatabaseAccessService - Failed to book room 101 after 3 attempts
2025-05-21 14:41:19.297 [pool-6-thread-4] WARN  c.k.h.RoomDatabaseAccessService - Failed to book room 101 after 3 attempts
2025-05-21 14:41:19.303 [pool-6-thread-1] WARN  c.k.h.RoomDatabaseAccessService - Failed to book room 101 after 3 attempts
2025-05-21 14:41:19.326 [main] INFO  c.k.h.RoomDatabaseAccessService - Cleared all rooms from database
2025-05-21 14:41:19.328 [main] INFO  c.k.h.RoomDatabaseAccessService - Successfully booked room 101
2025-05-21 14:41:19.328 [main] INFO  c.k.h.RoomDatabaseAccessService - Released room 101
2025-05-21 14:41:19.329 [main] WARN  c.k.h.RoomDatabaseAccessService - Room 999 not found
2025-05-21 14:41:19.330 [main] INFO  c.k.h.RoomDatabaseAccessService - Successfully booked room 101
2025-05-21 14:41:19.332 [Thread-1] INFO  c.k.h.RoomDatabaseAccessService - Successfully booked room 101
2025-05-21 14:41:19.332 [Thread-2] INFO  c.k.h.RoomDatabaseAccessService - Retrying booking for room 101 (attempt 2/3)
2025-05-21 14:41:19.432 [Thread-2] INFO  c.k.h.RoomDatabaseAccessService - Retrying booking for room 101 (attempt 3/3)
2025-05-21 14:41:19.533 [Thread-2] WARN  c.k.h.RoomDatabaseAccessService - Failed to book room 101 after 3 attempts
2025-05-21 14:42:05.541 [main] INFO  c.k.h.RoomDatabaseAccessService - Successfully booked room 101
2025-05-21 14:42:05.543 [main] INFO  c.k.h.RoomDatabaseAccessService - Released room 101
2025-05-21 14:42:05.544 [main] INFO  c.k.h.RoomDatabaseAccessService - Successfully booked room 101
2025-05-21 14:42:05.548 [main] WARN  c.k.h.RoomDatabaseAccessService - Room 999 not found
2025-05-21 14:42:05.549 [main] INFO  c.k.h.RoomDatabaseAccessService - Successfully booked room 101
2025-05-21 14:42:05.550 [main] INFO  c.k.h.RoomDatabaseAccessService - Retrying booking for room 101 (attempt 2/3)
2025-05-21 14:42:05.655 [main] INFO  c.k.h.RoomDatabaseAccessService - Retrying booking for room 101 (attempt 3/3)
2025-05-21 14:42:05.759 [main] WARN  c.k.h.RoomDatabaseAccessService - Failed to book room 101 after 3 attempts
2025-05-21 14:42:05.759 [main] WARN  c.k.h.RoomDatabaseAccessService - Room 999 not found
2025-05-21 14:42:05.790 [main] INFO  c.k.h.RoomDatabaseAccessService - Successfully booked room 101
2025-05-21 14:42:05.793 [pool-6-thread-2] INFO  c.k.h.RoomDatabaseAccessService - Successfully booked room 101
2025-05-21 14:42:05.793 [pool-6-thread-3] INFO  c.k.h.RoomDatabaseAccessService - Retrying booking for room 101 (attempt 2/3)
2025-05-21 14:42:05.793 [pool-6-thread-4] INFO  c.k.h.RoomDatabaseAccessService - Retrying booking for room 101 (attempt 2/3)
2025-05-21 14:42:05.793 [pool-6-thread-2] INFO  c.k.h.RoomDatabaseAccessService - Retrying booking for room 101 (attempt 2/3)
2025-05-21 14:42:05.793 [pool-6-thread-5] INFO  c.k.h.RoomDatabaseAccessService - Retrying booking for room 101 (attempt 2/3)
2025-05-21 14:42:05.793 [pool-6-thread-1] INFO  c.k.h.RoomDatabaseAccessService - Retrying booking for room 101 (attempt 2/3)
2025-05-21 14:42:05.898 [pool-6-thread-3] INFO  c.k.h.RoomDatabaseAccessService - Retrying booking for room 101 (attempt 3/3)
2025-05-21 14:42:05.898 [pool-6-thread-5] INFO  c.k.h.RoomDatabaseAccessService - Retrying booking for room 101 (attempt 3/3)
2025-05-21 14:42:05.898 [pool-6-thread-4] INFO  c.k.h.RoomDatabaseAccessService - Retrying booking for room 101 (attempt 3/3)
2025-05-21 14:42:05.898 [pool-6-thread-2] INFO  c.k.h.RoomDatabaseAccessService - Retrying booking for room 101 (attempt 3/3)
2025-05-21 14:42:05.898 [pool-6-thread-1] INFO  c.k.h.RoomDatabaseAccessService - Retrying booking for room 101 (attempt 3/3)
2025-05-21 14:42:06.003 [pool-6-thread-2] WARN  c.k.h.RoomDatabaseAccessService - Failed to book room 101 after 3 attempts
2025-05-21 14:42:06.004 [pool-6-thread-4] WARN  c.k.h.RoomDatabaseAccessService - Failed to book room 101 after 3 attempts
2025-05-21 14:42:06.003 [pool-6-thread-5] WARN  c.k.h.RoomDatabaseAccessService - Failed to book room 101 after 3 attempts
2025-05-21 14:42:06.003 [pool-6-thread-1] WARN  c.k.h.RoomDatabaseAccessService - Failed to book room 101 after 3 attempts
2025-05-21 14:42:06.003 [pool-6-thread-3] WARN  c.k.h.RoomDatabaseAccessService - Failed to book room 101 after 3 attempts
2025-05-21 14:42:06.005 [pool-6-thread-1] INFO  c.k.h.RoomDatabaseAccessService - Retrying booking for room 101 (attempt 2/3)
2025-05-21 14:42:06.005 [pool-6-thread-5] INFO  c.k.h.RoomDatabaseAccessService - Retrying booking for room 101 (attempt 2/3)
2025-05-21 14:42:06.005 [pool-6-thread-2] INFO  c.k.h.RoomDatabaseAccessService - Retrying booking for room 101 (attempt 2/3)
2025-05-21 14:42:06.110 [pool-6-thread-5] INFO  c.k.h.RoomDatabaseAccessService - Retrying booking for room 101 (attempt 3/3)
2025-05-21 14:42:06.110 [pool-6-thread-2] INFO  c.k.h.RoomDatabaseAccessService - Retrying booking for room 101 (attempt 3/3)
2025-05-21 14:42:06.110 [pool-6-thread-1] INFO  c.k.h.RoomDatabaseAccessService - Retrying booking for room 101 (attempt 3/3)
2025-05-21 14:42:06.215 [pool-6-thread-5] WARN  c.k.h.RoomDatabaseAccessService - Failed to book room 101 after 3 attempts
2025-05-21 14:42:06.216 [pool-6-thread-1] WARN  c.k.h.RoomDatabaseAccessService - Failed to book room 101 after 3 attempts
2025-05-21 14:42:06.216 [pool-6-thread-2] WARN  c.k.h.RoomDatabaseAccessService - Failed to book room 101 after 3 attempts
2025-05-21 14:42:06.239 [main] INFO  c.k.h.RoomDatabaseAccessService - Cleared all rooms from database
2025-05-21 14:42:06.242 [main] INFO  c.k.h.RoomDatabaseAccessService - Successfully booked room 101
2025-05-21 14:42:06.243 [main] INFO  c.k.h.RoomDatabaseAccessService - Released room 101
2025-05-21 14:42:06.244 [main] WARN  c.k.h.RoomDatabaseAccessService - Room 999 not found
2025-05-21 14:42:06.245 [main] INFO  c.k.h.RoomDatabaseAccessService - Successfully booked room 101
2025-05-21 14:42:06.246 [Thread-1] INFO  c.k.h.RoomDatabaseAccessService - Successfully booked room 101
2025-05-21 14:42:06.246 [Thread-2] INFO  c.k.h.RoomDatabaseAccessService - Retrying booking for room 101 (attempt 2/3)
2025-05-21 14:42:06.352 [Thread-2] INFO  c.k.h.RoomDatabaseAccessService - Retrying booking for room 101 (attempt 3/3)
2025-05-21 14:42:06.457 [Thread-2] WARN  c.k.h.RoomDatabaseAccessService - Failed to book room 101 after 3 attempts
2025-05-21 14:42:54.200 [main] INFO  c.k.h.RoomDatabaseAccessService - Successfully booked room 101
2025-05-21 14:42:54.202 [main] INFO  c.k.h.RoomDatabaseAccessService - Released room 101
2025-05-21 14:42:54.202 [main] INFO  c.k.h.RoomDatabaseAccessService - Successfully booked room 101
2025-05-21 14:42:54.206 [main] WARN  c.k.h.RoomDatabaseAccessService - Room 999 not found
2025-05-21 14:42:54.209 [main] INFO  c.k.h.RoomDatabaseAccessService - Successfully booked room 101
2025-05-21 14:42:54.210 [main] INFO  c.k.h.RoomDatabaseAccessService - Retrying booking for room 101 (attempt 2/3)
2025-05-21 14:42:54.315 [main] INFO  c.k.h.RoomDatabaseAccessService - Retrying booking for room 101 (attempt 3/3)
2025-05-21 14:42:54.420 [main] WARN  c.k.h.RoomDatabaseAccessService - Failed to book room 101 after 3 attempts
2025-05-21 14:42:54.421 [main] WARN  c.k.h.RoomDatabaseAccessService - Room 999 not found
2025-05-21 14:42:54.453 [main] INFO  c.k.h.RoomDatabaseAccessService - Successfully booked room 101
2025-05-21 14:42:54.455 [pool-6-thread-2] INFO  c.k.h.RoomDatabaseAccessService - Successfully booked room 101
2025-05-21 14:42:54.455 [pool-6-thread-3] INFO  c.k.h.RoomDatabaseAccessService - Retrying booking for room 101 (attempt 2/3)
2025-05-21 14:42:54.456 [pool-6-thread-5] INFO  c.k.h.RoomDatabaseAccessService - Retrying booking for room 101 (attempt 2/3)
2025-05-21 14:42:54.456 [pool-6-thread-1] INFO  c.k.h.RoomDatabaseAccessService - Retrying booking for room 101 (attempt 2/3)
2025-05-21 14:42:54.456 [pool-6-thread-4] INFO  c.k.h.RoomDatabaseAccessService - Retrying booking for room 101 (attempt 2/3)
2025-05-21 14:42:54.456 [pool-6-thread-2] INFO  c.k.h.RoomDatabaseAccessService - Retrying booking for room 101 (attempt 2/3)
2025-05-21 14:42:54.556 [pool-6-thread-4] INFO  c.k.h.RoomDatabaseAccessService - Retrying booking for room 101 (attempt 3/3)
2025-05-21 14:42:54.558 [pool-6-thread-3] INFO  c.k.h.RoomDatabaseAccessService - Retrying booking for room 101 (attempt 3/3)
2025-05-21 14:42:54.558 [pool-6-thread-1] INFO  c.k.h.RoomDatabaseAccessService - Retrying booking for room 101 (attempt 3/3)
2025-05-21 14:42:54.558 [pool-6-thread-2] INFO  c.k.h.RoomDatabaseAccessService - Retrying booking for room 101 (attempt 3/3)
2025-05-21 14:42:54.558 [pool-6-thread-5] INFO  c.k.h.RoomDatabaseAccessService - Retrying booking for room 101 (attempt 3/3)
2025-05-21 14:42:54.657 [pool-6-thread-4] WARN  c.k.h.RoomDatabaseAccessService - Failed to book room 101 after 3 attempts
2025-05-21 14:42:54.658 [pool-6-thread-4] INFO  c.k.h.RoomDatabaseAccessService - Retrying booking for room 101 (attempt 2/3)
2025-05-21 14:42:54.663 [pool-6-thread-1] WARN  c.k.h.RoomDatabaseAccessService - Failed to book room 101 after 3 attempts
2025-05-21 14:42:54.663 [pool-6-thread-5] WARN  c.k.h.RoomDatabaseAccessService - Failed to book room 101 after 3 attempts
2025-05-21 14:42:54.663 [pool-6-thread-3] WARN  c.k.h.RoomDatabaseAccessService - Failed to book room 101 after 3 attempts
2025-05-21 14:42:54.663 [pool-6-thread-5] INFO  c.k.h.RoomDatabaseAccessService - Retrying booking for room 101 (attempt 2/3)
2025-05-21 14:42:54.663 [pool-6-thread-1] INFO  c.k.h.RoomDatabaseAccessService - Retrying booking for room 101 (attempt 2/3)
2025-05-21 14:42:54.663 [pool-6-thread-2] WARN  c.k.h.RoomDatabaseAccessService - Failed to book room 101 after 3 attempts
2025-05-21 14:42:54.764 [pool-6-thread-1] INFO  c.k.h.RoomDatabaseAccessService - Retrying booking for room 101 (attempt 3/3)
2025-05-21 14:42:54.764 [pool-6-thread-4] INFO  c.k.h.RoomDatabaseAccessService - Retrying booking for room 101 (attempt 3/3)
2025-05-21 14:42:54.768 [pool-6-thread-5] INFO  c.k.h.RoomDatabaseAccessService - Retrying booking for room 101 (attempt 3/3)
2025-05-21 14:42:54.868 [pool-6-thread-4] WARN  c.k.h.RoomDatabaseAccessService - Failed to book room 101 after 3 attempts
2025-05-21 14:42:54.869 [pool-6-thread-1] WARN  c.k.h.RoomDatabaseAccessService - Failed to book room 101 after 3 attempts
2025-05-21 14:42:54.874 [pool-6-thread-5] WARN  c.k.h.RoomDatabaseAccessService - Failed to book room 101 after 3 attempts
2025-05-21 14:42:54.902 [main] INFO  c.k.h.RoomDatabaseAccessService - Cleared all rooms from database
2025-05-21 14:42:54.905 [main] INFO  c.k.h.RoomDatabaseAccessService - Successfully booked room 101
2025-05-21 14:42:54.905 [main] INFO  c.k.h.RoomDatabaseAccessService - Released room 101
2025-05-21 14:42:54.906 [main] WARN  c.k.h.RoomDatabaseAccessService - Room 999 not found
2025-05-21 14:42:54.909 [main] INFO  c.k.h.RoomDatabaseAccessService - Successfully booked room 101
2025-05-21 14:42:54.910 [Thread-2] INFO  c.k.h.RoomDatabaseAccessService - Retrying booking for room 101 (attempt 2/3)
2025-05-21 14:42:54.910 [Thread-1] INFO  c.k.h.RoomDatabaseAccessService - Successfully booked room 101
2025-05-21 14:42:55.016 [Thread-2] INFO  c.k.h.RoomDatabaseAccessService - Retrying booking for room 101 (attempt 3/3)
2025-05-21 14:42:55.121 [Thread-2] WARN  c.k.h.RoomDatabaseAccessService - Failed to book room 101 after 3 attempts
2025-05-21 14:43:37.644 [main] INFO  c.k.h.RoomDatabaseAccessService - Successfully booked room 101
2025-05-21 14:43:37.647 [main] INFO  c.k.h.RoomDatabaseAccessService - Released room 101
2025-05-21 14:43:37.647 [main] INFO  c.k.h.RoomDatabaseAccessService - Successfully booked room 101
2025-05-21 14:43:37.652 [main] WARN  c.k.h.RoomDatabaseAccessService - Room 999 not found
2025-05-21 14:43:37.654 [main] INFO  c.k.h.RoomDatabaseAccessService - Successfully booked room 101
2025-05-21 14:43:37.654 [main] INFO  c.k.h.RoomDatabaseAccessService - Retrying booking for room 101 (attempt 2/3)
2025-05-21 14:43:37.756 [main] INFO  c.k.h.RoomDatabaseAccessService - Retrying booking for room 101 (attempt 3/3)
2025-05-21 14:43:37.857 [main] WARN  c.k.h.RoomDatabaseAccessService - Failed to book room 101 after 3 attempts
2025-05-21 14:43:37.857 [main] WARN  c.k.h.RoomDatabaseAccessService - Room 999 not found
2025-05-21 14:43:37.889 [main] INFO  c.k.h.RoomDatabaseAccessService - Successfully booked room 101
2025-05-21 14:43:37.892 [pool-6-thread-3] INFO  c.k.h.RoomDatabaseAccessService - Successfully booked room 101
2025-05-21 14:43:37.892 [pool-6-thread-5] INFO  c.k.h.RoomDatabaseAccessService - Retrying booking for room 101 (attempt 2/3)
2025-05-21 14:43:37.892 [pool-6-thread-1] INFO  c.k.h.RoomDatabaseAccessService - Retrying booking for room 101 (attempt 2/3)
2025-05-21 14:43:37.892 [pool-6-thread-4] INFO  c.k.h.RoomDatabaseAccessService - Retrying booking for room 101 (attempt 2/3)
2025-05-21 14:43:37.892 [pool-6-thread-3] INFO  c.k.h.RoomDatabaseAccessService - Retrying booking for room 101 (attempt 2/3)
2025-05-21 14:43:37.892 [pool-6-thread-2] INFO  c.k.h.RoomDatabaseAccessService - Retrying booking for room 101 (attempt 2/3)
2025-05-21 14:43:37.996 [pool-6-thread-3] INFO  c.k.h.RoomDatabaseAccessService - Retrying booking for room 101 (attempt 3/3)
2025-05-21 14:43:37.997 [pool-6-thread-2] INFO  c.k.h.RoomDatabaseAccessService - Retrying booking for room 101 (attempt 3/3)
2025-05-21 14:43:37.997 [pool-6-thread-1] INFO  c.k.h.RoomDatabaseAccessService - Retrying booking for room 101 (attempt 3/3)
2025-05-21 14:43:37.997 [pool-6-thread-5] INFO  c.k.h.RoomDatabaseAccessService - Retrying booking for room 101 (attempt 3/3)
2025-05-21 14:43:37.997 [pool-6-thread-4] INFO  c.k.h.RoomDatabaseAccessService - Retrying booking for room 101 (attempt 3/3)
2025-05-21 14:43:38.101 [pool-6-thread-5] WARN  c.k.h.RoomDatabaseAccessService - Failed to book room 101 after 3 attempts
2025-05-21 14:43:38.101 [pool-6-thread-3] WARN  c.k.h.RoomDatabaseAccessService - Failed to book room 101 after 3 attempts
2025-05-21 14:43:38.101 [pool-6-thread-2] WARN  c.k.h.RoomDatabaseAccessService - Failed to book room 101 after 3 attempts
2025-05-21 14:43:38.102 [pool-6-thread-5] INFO  c.k.h.RoomDatabaseAccessService - Retrying booking for room 101 (attempt 2/3)
2025-05-21 14:43:38.102 [pool-6-thread-2] INFO  c.k.h.RoomDatabaseAccessService - Retrying booking for room 101 (attempt 2/3)
2025-05-21 14:43:38.102 [pool-6-thread-3] INFO  c.k.h.RoomDatabaseAccessService - Retrying booking for room 101 (attempt 2/3)
2025-05-21 14:43:38.102 [pool-6-thread-1] WARN  c.k.h.RoomDatabaseAccessService - Failed to book room 101 after 3 attempts
2025-05-21 14:43:38.102 [pool-6-thread-4] WARN  c.k.h.RoomDatabaseAccessService - Failed to book room 101 after 3 attempts
2025-05-21 14:43:38.206 [pool-6-thread-5] INFO  c.k.h.RoomDatabaseAccessService - Retrying booking for room 101 (attempt 3/3)
2025-05-21 14:43:38.207 [pool-6-thread-3] INFO  c.k.h.RoomDatabaseAccessService - Retrying booking for room 101 (attempt 3/3)
2025-05-21 14:43:38.207 [pool-6-thread-2] INFO  c.k.h.RoomDatabaseAccessService - Retrying booking for room 101 (attempt 3/3)
2025-05-21 14:43:38.308 [pool-6-thread-3] WARN  c.k.h.RoomDatabaseAccessService - Failed to book room 101 after 3 attempts
2025-05-21 14:43:38.309 [pool-6-thread-5] WARN  c.k.h.RoomDatabaseAccessService - Failed to book room 101 after 3 attempts
2025-05-21 14:43:38.309 [pool-6-thread-2] WARN  c.k.h.RoomDatabaseAccessService - Failed to book room 101 after 3 attempts
2025-05-21 14:43:38.334 [main] INFO  c.k.h.RoomDatabaseAccessService - Cleared all rooms from database
2025-05-21 14:43:38.337 [main] INFO  c.k.h.RoomDatabaseAccessService - Successfully booked room 101
2025-05-21 14:43:38.337 [main] INFO  c.k.h.RoomDatabaseAccessService - Released room 101
2025-05-21 14:43:38.338 [main] WARN  c.k.h.RoomDatabaseAccessService - Room 999 not found
2025-05-21 14:43:38.340 [main] INFO  c.k.h.RoomDatabaseAccessService - Successfully booked room 101
2025-05-21 14:43:38.342 [Thread-1] INFO  c.k.h.RoomDatabaseAccessService - Successfully booked room 101
2025-05-21 14:43:38.342 [Thread-2] INFO  c.k.h.RoomDatabaseAccessService - Retrying booking for room 101 (attempt 2/3)
2025-05-21 14:43:38.447 [Thread-2] INFO  c.k.h.RoomDatabaseAccessService - Retrying booking for room 101 (attempt 3/3)
2025-05-21 14:43:38.553 [Thread-2] WARN  c.k.h.RoomDatabaseAccessService - Failed to book room 101 after 3 attempts
2025-05-21 14:45:02.425 [main] INFO  c.k.h.RoomDatabaseAccessService - Successfully booked room 101
2025-05-21 14:45:02.427 [main] INFO  c.k.h.RoomDatabaseAccessService - Released room 101
2025-05-21 14:45:02.427 [main] INFO  c.k.h.RoomDatabaseAccessService - Successfully booked room 101
2025-05-21 14:45:02.431 [main] WARN  c.k.h.RoomDatabaseAccessService - Room 999 not found
2025-05-21 14:45:02.433 [main] INFO  c.k.h.RoomDatabaseAccessService - Successfully booked room 101
2025-05-21 14:45:02.433 [main] INFO  c.k.h.RoomDatabaseAccessService - Successfully booked room 101
2025-05-21 14:45:02.433 [main] WARN  c.k.h.RoomDatabaseAccessService - Room 999 not found
2025-05-21 14:45:02.451 [main] INFO  c.k.h.RoomDatabaseAccessService - Successfully booked room 101
2025-05-21 14:45:02.491 [pool-6-thread-3] INFO  c.k.h.RoomDatabaseAccessService - Successfully booked room 101
2025-05-21 14:45:02.491 [pool-6-thread-4] INFO  c.k.h.RoomDatabaseAccessService - Successfully booked room 101
2025-05-21 14:45:02.490 [pool-6-thread-2] INFO  c.k.h.RoomDatabaseAccessService - Successfully booked room 101
2025-05-21 14:45:02.491 [pool-6-thread-5] INFO  c.k.h.RoomDatabaseAccessService - Successfully booked room 101
2025-05-21 14:45:02.491 [pool-6-thread-4] INFO  c.k.h.RoomDatabaseAccessService - Retrying booking for room 101 (attempt 2/3)
2025-05-21 14:45:02.491 [pool-6-thread-1] INFO  c.k.h.RoomDatabaseAccessService - Successfully booked room 101
2025-05-21 14:45:02.491 [pool-6-thread-3] INFO  c.k.h.RoomDatabaseAccessService - Retrying booking for room 101 (attempt 2/3)
2025-05-21 14:45:02.491 [pool-6-thread-5] INFO  c.k.h.RoomDatabaseAccessService - Retrying booking for room 101 (attempt 2/3)
2025-05-21 14:45:02.491 [pool-6-thread-2] INFO  c.k.h.RoomDatabaseAccessService - Retrying booking for room 101 (attempt 2/3)
2025-05-21 14:45:02.592 [pool-6-thread-5] INFO  c.k.h.RoomDatabaseAccessService - Retrying booking for room 101 (attempt 3/3)
2025-05-21 14:45:02.594 [pool-6-thread-3] INFO  c.k.h.RoomDatabaseAccessService - Retrying booking for room 101 (attempt 3/3)
2025-05-21 14:45:02.596 [pool-6-thread-4] INFO  c.k.h.RoomDatabaseAccessService - Retrying booking for room 101 (attempt 3/3)
2025-05-21 14:45:02.596 [pool-6-thread-2] INFO  c.k.h.RoomDatabaseAccessService - Retrying booking for room 101 (attempt 3/3)
2025-05-21 14:45:02.697 [pool-6-thread-3] WARN  c.k.h.RoomDatabaseAccessService - Failed to book room 101 after 3 attempts
2025-05-21 14:45:02.697 [pool-6-thread-5] WARN  c.k.h.RoomDatabaseAccessService - Failed to book room 101 after 3 attempts
2025-05-21 14:45:02.697 [pool-6-thread-2] WARN  c.k.h.RoomDatabaseAccessService - Failed to book room 101 after 3 attempts
2025-05-21 14:45:02.700 [pool-6-thread-4] WARN  c.k.h.RoomDatabaseAccessService - Failed to book room 101 after 3 attempts
2025-05-21 14:45:02.711 [main] INFO  c.k.h.RoomDatabaseAccessService - Cleared all rooms from database
2025-05-21 14:45:02.712 [main] INFO  c.k.h.RoomDatabaseAccessService - Successfully booked room 101
2025-05-21 14:45:02.713 [main] INFO  c.k.h.RoomDatabaseAccessService - Released room 101
2025-05-21 14:45:02.713 [main] WARN  c.k.h.RoomDatabaseAccessService - Room 999 not found
2025-05-21 14:45:02.714 [main] INFO  c.k.h.RoomDatabaseAccessService - Successfully booked room 101
2025-05-21 14:45:02.715 [Thread-1] INFO  c.k.h.RoomDatabaseAccessService - Successfully booked room 101
2025-05-21 14:45:02.715 [Thread-2] INFO  c.k.h.RoomDatabaseAccessService - Successfully booked room 101
2025-05-21 14:52:13.315 [main] INFO  c.k.h.RoomDatabaseAccessService - Successfully booked room 101
2025-05-21 14:52:13.317 [main] INFO  c.k.h.RoomDatabaseAccessService - Released room 101
2025-05-21 14:52:13.318 [main] INFO  c.k.h.RoomDatabaseAccessService - Successfully booked room 101
2025-05-21 14:52:13.322 [main] WARN  c.k.h.RoomDatabaseAccessService - Room 999 not found
2025-05-21 14:52:13.323 [main] INFO  c.k.h.RoomDatabaseAccessService - Successfully booked room 101
2025-05-21 14:52:13.324 [main] INFO  c.k.h.RoomDatabaseAccessService - Successfully booked room 101
2025-05-21 14:52:13.324 [main] WARN  c.k.h.RoomDatabaseAccessService - Room 999 not found
2025-05-21 14:52:13.342 [main] INFO  c.k.h.RoomDatabaseAccessService - Successfully booked room 101
2025-05-21 14:52:13.344 [pool-6-thread-2] INFO  c.k.h.RoomDatabaseAccessService - Successfully booked room 101
2025-05-21 14:52:13.344 [pool-6-thread-3] INFO  c.k.h.RoomDatabaseAccessService - Successfully booked room 101
2025-05-21 14:52:13.344 [pool-6-thread-5] INFO  c.k.h.RoomDatabaseAccessService - Successfully booked room 101
2025-05-21 14:52:13.344 [pool-6-thread-4] INFO  c.k.h.RoomDatabaseAccessService - Successfully booked room 101
2025-05-21 14:52:13.345 [pool-6-thread-1] INFO  c.k.h.RoomDatabaseAccessService - Retrying booking for room 101 (attempt 2/3)
2025-05-21 14:52:13.345 [pool-6-thread-3] INFO  c.k.h.RoomDatabaseAccessService - Retrying booking for room 101 (attempt 2/3)
2025-05-21 14:52:13.344 [pool-6-thread-2] INFO  c.k.h.RoomDatabaseAccessService - Successfully booked room 101
2025-05-21 14:52:13.345 [pool-6-thread-5] INFO  c.k.h.RoomDatabaseAccessService - Retrying booking for room 101 (attempt 2/3)
2025-05-21 14:52:13.345 [pool-6-thread-4] INFO  c.k.h.RoomDatabaseAccessService - Retrying booking for room 101 (attempt 2/3)
2025-05-21 14:52:13.450 [pool-6-thread-1] INFO  c.k.h.RoomDatabaseAccessService - Retrying booking for room 101 (attempt 3/3)
2025-05-21 14:52:13.450 [pool-6-thread-3] INFO  c.k.h.RoomDatabaseAccessService - Retrying booking for room 101 (attempt 3/3)
2025-05-21 14:52:13.450 [pool-6-thread-4] INFO  c.k.h.RoomDatabaseAccessService - Retrying booking for room 101 (attempt 3/3)
2025-05-21 14:52:13.450 [pool-6-thread-5] INFO  c.k.h.RoomDatabaseAccessService - Retrying booking for room 101 (attempt 3/3)
2025-05-21 14:52:13.555 [pool-6-thread-4] WARN  c.k.h.RoomDatabaseAccessService - Failed to book room 101 after 3 attempts
2025-05-21 14:52:13.555 [pool-6-thread-5] WARN  c.k.h.RoomDatabaseAccessService - Failed to book room 101 after 3 attempts
2025-05-21 14:52:13.555 [pool-6-thread-1] WARN  c.k.h.RoomDatabaseAccessService - Failed to book room 101 after 3 attempts
2025-05-21 14:52:13.555 [pool-6-thread-3] WARN  c.k.h.RoomDatabaseAccessService - Failed to book room 101 after 3 attempts
2025-05-21 14:52:13.575 [main] INFO  c.k.h.RoomDatabaseAccessService - Cleared all rooms from database
2025-05-21 14:52:13.578 [main] INFO  c.k.h.RoomDatabaseAccessService - Successfully booked room 101
2025-05-21 14:52:13.579 [main] INFO  c.k.h.RoomDatabaseAccessService - Released room 101
2025-05-21 14:52:13.580 [main] WARN  c.k.h.RoomDatabaseAccessService - Room 999 not found
2025-05-21 14:52:13.582 [main] INFO  c.k.h.RoomDatabaseAccessService - Successfully booked room 101
2025-05-21 14:52:13.583 [Thread-1] INFO  c.k.h.RoomDatabaseAccessService - Successfully booked room 101
2025-05-21 14:52:13.583 [Thread-2] INFO  c.k.h.RoomDatabaseAccessService - Successfully booked room 101
2025-05-21 15:00:33.912 [main] INFO  c.k.h.RoomDatabaseAccessService - Successfully booked room 101
2025-05-21 15:00:33.914 [main] INFO  c.k.h.RoomDatabaseAccessService - Released room 101
2025-05-21 15:00:33.915 [main] INFO  c.k.h.RoomDatabaseAccessService - Successfully booked room 101
2025-05-21 15:00:33.919 [main] WARN  c.k.h.RoomDatabaseAccessService - Room 999 not found
2025-05-21 15:00:33.921 [main] INFO  c.k.h.RoomDatabaseAccessService - Successfully booked room 101
2025-05-21 15:00:33.921 [main] INFO  c.k.h.RoomDatabaseAccessService - Successfully booked room 101
2025-05-21 15:00:33.921 [main] WARN  c.k.h.RoomDatabaseAccessService - Room 999 not found
2025-05-21 15:00:33.941 [main] INFO  c.k.h.RoomDatabaseAccessService - Successfully booked room 101
2025-05-21 15:00:33.944 [pool-6-thread-1] INFO  c.k.h.RoomDatabaseAccessService - Successfully booked room 101
2025-05-21 15:00:33.944 [pool-6-thread-4] INFO  c.k.h.RoomDatabaseAccessService - Successfully booked room 101
2025-05-21 15:00:33.944 [pool-6-thread-3] INFO  c.k.h.RoomDatabaseAccessService - Successfully booked room 101
2025-05-21 15:00:33.944 [pool-6-thread-5] INFO  c.k.h.RoomDatabaseAccessService - Successfully booked room 101
2025-05-21 15:00:33.944 [pool-6-thread-2] INFO  c.k.h.RoomDatabaseAccessService - Successfully booked room 101
2025-05-21 15:00:33.944 [pool-6-thread-1] INFO  c.k.h.RoomDatabaseAccessService - Retrying booking for room 101 (attempt 2/3)
2025-05-21 15:00:33.944 [pool-6-thread-4] INFO  c.k.h.RoomDatabaseAccessService - Retrying booking for room 101 (attempt 2/3)
2025-05-21 15:00:33.944 [pool-6-thread-3] INFO  c.k.h.RoomDatabaseAccessService - Retrying booking for room 101 (attempt 2/3)
2025-05-21 15:00:33.944 [pool-6-thread-5] INFO  c.k.h.RoomDatabaseAccessService - Retrying booking for room 101 (attempt 2/3)
2025-05-21 15:00:34.045 [pool-6-thread-1] INFO  c.k.h.RoomDatabaseAccessService - Retrying booking for room 101 (attempt 3/3)
2025-05-21 15:00:34.045 [pool-6-thread-5] INFO  c.k.h.RoomDatabaseAccessService - Retrying booking for room 101 (attempt 3/3)
2025-05-21 15:00:34.050 [pool-6-thread-3] INFO  c.k.h.RoomDatabaseAccessService - Retrying booking for room 101 (attempt 3/3)
2025-05-21 15:00:34.050 [pool-6-thread-4] INFO  c.k.h.RoomDatabaseAccessService - Retrying booking for room 101 (attempt 3/3)
2025-05-21 15:00:34.146 [pool-6-thread-1] WARN  c.k.h.RoomDatabaseAccessService - Failed to book room 101 after 3 attempts
2025-05-21 15:00:34.146 [pool-6-thread-5] WARN  c.k.h.RoomDatabaseAccessService - Failed to book room 101 after 3 attempts
2025-05-21 15:00:34.151 [pool-6-thread-4] WARN  c.k.h.RoomDatabaseAccessService - Failed to book room 101 after 3 attempts
2025-05-21 15:00:34.151 [pool-6-thread-3] WARN  c.k.h.RoomDatabaseAccessService - Failed to book room 101 after 3 attempts
2025-05-21 15:00:34.165 [main] INFO  c.k.h.RoomDatabaseAccessService - Cleared all rooms from database
2025-05-21 15:00:34.166 [main] INFO  c.k.h.RoomDatabaseAccessService - Successfully booked room 101
2025-05-21 15:00:34.167 [main] INFO  c.k.h.RoomDatabaseAccessService - Released room 101
2025-05-21 15:00:34.167 [main] WARN  c.k.h.RoomDatabaseAccessService - Room 999 not found
2025-05-21 15:00:34.168 [main] INFO  c.k.h.RoomDatabaseAccessService - Successfully booked room 101
2025-05-21 15:00:34.170 [Thread-1] INFO  c.k.h.RoomDatabaseAccessService - Successfully booked room 101
2025-05-21 15:00:34.170 [Thread-2] INFO  c.k.h.RoomDatabaseAccessService - Successfully booked room 101
